This is pdfTeX, Version 3.14159265-2.6-1.40.15 (TeX Live 2015/dev/Debian) (preloaded format=latex 2016.3.27)  7 NOV 2016 21:27
entering extended mode
 restricted \write18 enabled.
 %&-line parsing enabled.
** 1007  [2016-09-25 23:30:05][Las entradas para disfrutar toda nuestra program
ación están aquí: https://t.co/vYmDmceO39 arma tu plan y vente... https://t.
co/IJXgFiF8ch][0]

! Emergency stop.
<*>  1007 
           [2016-09-25 23:30:05][Las entradas para disfrutar toda nuestra pr...
End of file on the terminal!

 
Here is how much of TeX's memory you used:
 1002 strings out of 495021
 4109 string characters out of 6181350
 45970 words of memory out of 5000000
 3320 multiletter control sequences out of 15000+600000
 3640 words of font info for 14 fonts, out of 8000000 for 9000
 14 hyphenation exceptions out of 8191
 0i,0n,0p,422b,6s stack positions out of 5000i,500n,10000p,200000b,80000s
No pages of output.
